# JRE version: OpenJDK Runtime Environment (8.0_202-b03) (build 1.8.0_202-release-1483-b03)
# Java VM: OpenJDK 64-Bit Server VM (25.202-b03 mixed mode windows-amd64 compressed oops)
Heap:
 PSYoungGen      total 138752K, used 17085K [0x00000000e0000000, 0x00000000eb880000, 0x0000000100000000)
  eden space 126464K, 3% used [0x00000000e0000000,0x00000000e04b4ec8,0x00000000e7b80000)
  from space 12288K, 99% used [0x00000000e7b80000,0x00000000e877a748,0x00000000e8780000)
  to   space 15872K, 0% used [0x00000000ea900000,0x00000000ea900000,0x00000000eb880000)
 ParOldGen       total 39424K, used 19655K [0x00000000a0000000, 0x00000000a2680000, 0x00000000e0000000)
  object space 39424K, 49% used [0x00000000a0000000,0x00000000a1331f00,0x00000000a2680000)
 Metaspace       used 47777K, capacity 49086K, committed 49320K, reserved 1091584K
  class space    used 6433K, capacity 6770K, committed 6824K, reserved 1048576K
GC Heap History (10 events):
Event: 7.105 GC heap before
{Heap before GC invocations=9 (full 1):
 PSYoungGen      total 71680K, used 64512K [0x00000000e0000000, 0x00000000e9100000, 0x0000000100000000)
  eden space 64512K, 100% used [0x00000000e0000000,0x00000000e3f00000,0x00000000e3f00000)
  from space 7168K, 0% used [0x00000000e3f00000,0x00000000e3f00000,0x00000000e4600000)
  to   space 9728K, 0% used [0x00000000e8780000,0x00000000e8780000,0x00000000e9100000)
 ParOldGen       total 39424K, used 10815K [0x00000000a0000000, 0x00000000a2680000, 0x00000000e0000000)
  object space 39424K, 27% used [0x00000000a0000000,0x00000000a0a8fd00,0x00000000a2680000)
 Metaspace       used 28878K, capacity 29382K, committed 29696K, reserved 1075200K
  class space    used 3896K, capacity 4064K, committed 4096K, reserved 1048576K
Event: 7.121 GC heap after
Heap after GC invocations=9 (full 1):
 PSYoungGen      total 104960K, used 7897K [0x00000000e0000000, 0x00000000e8f80000, 0x0000000100000000)
  eden space 96768K, 0% used [0x00000000e0000000,0x00000000e0000000,0x00000000e5e80000)
  from space 8192K, 96% used [0x00000000e8780000,0x00000000e8f367d8,0x00000000e8f80000)
  to   space 10240K, 0% used [0x00000000e7b80000,0x00000000e7b80000,0x00000000e8580000)
 ParOldGen       total 39424K, used 10823K [0x00000000a0000000, 0x00000000a2680000, 0x00000000e0000000)
  object space 39424K, 27% used [0x00000000a0000000,0x00000000a0a91d00,0x00000000a2680000)
 Metaspace       used 28878K, capacity 29382K, committed 29696K, reserved 1075200K
  class space    used 3896K, capacity 4064K, committed 4096K, reserved 1048576K
}
Event: 9.326 GC heap before
{Heap before GC invocations=10 (full 1):
 PSYoungGen      total 104960K, used 104665K [0x00000000e0000000, 0x00000000e8f80000, 0x0000000100000000)
  eden space 96768K, 100% used [0x00000000e0000000,0x00000000e5e80000,0x00000000e5e80000)
  from space 8192K, 96% used [0x00000000e8780000,0x00000000e8f367d8,0x00000000e8f80000)
  to   space 10240K, 0% used [0x00000000e7b80000,0x00000000e7b80000,0x00000000e8580000)
 ParOldGen       total 39424K, used 10823K [0x00000000a0000000, 0x00000000a2680000, 0x00000000e0000000)
  object space 39424K, 27% used [0x00000000a0000000,0x00000000a0a91d00,0x00000000a2680000)
 Metaspace       used 33927K, capacity 34560K, committed 34944K, reserved 1079296K
  class space    used 4677K, capacity 4877K, committed 4992K, reserved 1048576K
Event: 9.371 GC heap after
Heap after GC invocations=10 (full 1):
 PSYoungGen      total 136704K, used 10209K [0x00000000e0000000, 0x00000000e9300000, 0x0000000100000000)
  eden space 126464K, 0% used [0x00000000e0000000,0x00000000e0000000,0x00000000e7b80000)
  from space 10240K, 99% used [0x00000000e7b80000,0x00000000e8578720,0x00000000e8580000)
  to   space 11776K, 0% used [0x00000000e8780000,0x00000000e8780000,0x00000000e9300000)
 ParOldGen       total 39424K, used 11374K [0x00000000a0000000, 0x00000000a2680000, 0x00000000e0000000)
  object space 39424K, 28% used [0x00000000a0000000,0x00000000a0b1bb38,0x00000000a2680000)
 Metaspace       used 33927K, capacity 34560K, committed 34944K, reserved 1079296K
  class space    used 4677K, capacity 4877K, committed 4992K, reserved 1048576K
}
Event: 9.958 GC heap before
{Heap before GC invocations=11 (full 1):
 PSYoungGen      total 136704K, used 31923K [0x00000000e0000000, 0x00000000e9300000, 0x0000000100000000)
  eden space 126464K, 17% used [0x00000000e0000000,0x00000000e1534628,0x00000000e7b80000)
  from space 10240K, 99% used [0x00000000e7b80000,0x00000000e8578720,0x00000000e8580000)
  to   space 11776K, 0% used [0x00000000e8780000,0x00000000e8780000,0x00000000e9300000)
 ParOldGen       total 39424K, used 11374K [0x00000000a0000000, 0x00000000a2680000, 0x00000000e0000000)
  object space 39424K, 28% used [0x00000000a0000000,0x00000000a0b1bb38,0x00000000a2680000)
 Metaspace       used 34720K, capacity 35424K, committed 35496K, reserved 1079296K
  class space    used 4784K, capacity 4995K, committed 5032K, reserved 1048576K
Event: 9.990 GC heap after
Heap after GC invocations=11 (full 1):
 PSYoungGen      total 138240K, used 8438K [0x00000000e0000000, 0x00000000ec100000, 0x0000000100000000)
  eden space 126464K, 0% used [0x00000000e0000000,0x00000000e0000000,0x00000000e7b80000)
  from space 11776K, 71% used [0x00000000e8780000,0x00000000e8fbd880,0x00000000e9300000)
  to   space 12288K, 0% used [0x00000000e7b80000,0x00000000e7b80000,0x00000000e8780000)
 ParOldGen       total 39424K, used 11382K [0x00000000a0000000, 0x00000000a2680000, 0x00000000e0000000)
  object space 39424K, 28% used [0x00000000a0000000,0x00000000a0b1db38,0x00000000a2680000)
 Metaspace       used 34720K, capacity 35424K, committed 35496K, reserved 1079296K
  class space    used 4784K, capacity 4995K, committed 5032K, reserved 1048576K
}
Event: 9.990 GC heap before
{Heap before GC invocations=12 (full 2):
 PSYoungGen      total 138240K, used 8438K [0x00000000e0000000, 0x00000000ec100000, 0x0000000100000000)
  eden space 126464K, 0% used [0x00000000e0000000,0x00000000e0000000,0x00000000e7b80000)
  from space 11776K, 71% used [0x00000000e8780000,0x00000000e8fbd880,0x00000000e9300000)
  to   space 12288K, 0% used [0x00000000e7b80000,0x00000000e7b80000,0x00000000e8780000)
 ParOldGen       total 39424K, used 11382K [0x00000000a0000000, 0x00000000a2680000, 0x00000000e0000000)
  object space 39424K, 28% used [0x00000000a0000000,0x00000000a0b1db38,0x00000000a2680000)
 Metaspace       used 34720K, capacity 35424K, committed 35496K, reserved 1079296K
  class space    used 4784K, capacity 4995K, committed 5032K, reserved 1048576K
Event: 10.236 GC heap after
Heap after GC invocations=12 (full 2):
 PSYoungGen      total 138240K, used 0K [0x00000000e0000000, 0x00000000ec100000, 0x0000000100000000)
  eden space 126464K, 0% used [0x00000000e0000000,0x00000000e0000000,0x00000000e7b80000)
  from space 11776K, 0% used [0x00000000e8780000,0x00000000e8780000,0x00000000e9300000)
  to   space 12288K, 0% used [0x00000000e7b80000,0x00000000e7b80000,0x00000000e8780000)
 ParOldGen       total 39424K, used 15418K [0x00000000a0000000, 0x00000000a2680000, 0x00000000e0000000)
  object space 39424K, 39% used [0x00000000a0000000,0x00000000a0f0ebd8,0x00000000a2680000)
 Metaspace       used 34711K, capacity 35394K, committed 35496K, reserved 1079296K
  class space    used 4781K, capacity 4990K, committed 5032K, reserved 1048576K
}
Event: 13.895 GC heap before
{Heap before GC invocations=13 (full 2):
 PSYoungGen      total 138240K, used 126464K [0x00000000e0000000, 0x00000000ec100000, 0x0000000100000000)
  eden space 126464K, 100% used [0x00000000e0000000,0x00000000e7b80000,0x00000000e7b80000)
  from space 11776K, 0% used [0x00000000e8780000,0x00000000e8780000,0x00000000e9300000)
  to   space 12288K, 0% used [0x00000000e7b80000,0x00000000e7b80000,0x00000000e8780000)
 ParOldGen       total 39424K, used 15418K [0x00000000a0000000, 0x00000000a2680000, 0x00000000e0000000)
  object space 39424K, 39% used [0x00000000a0000000,0x00000000a0f0ebd8,0x00000000a2680000)
 Metaspace       used 47273K, capacity 48418K, committed 48680K, reserved 1091584K
  class space    used 6362K, capacity 6666K, committed 6696K, reserved 1048576K
Event: 13.960 GC heap after
Heap after GC invocations=13 (full 2):
 PSYoungGen      total 138752K, used 12265K [0x00000000e0000000, 0x00000000eb880000, 0x0000000100000000)
  eden space 126464K, 0% used [0x00000000e0000000,0x00000000e0000000,0x00000000e7b80000)
  from space 12288K, 99% used [0x00000000e7b80000,0x00000000e877a748,0x00000000e8780000)
  to   space 15872K, 0% used [0x00000000ea900000,0x00000000ea900000,0x00000000eb880000)
 ParOldGen       total 39424K, used 19655K [0x00000000a0000000, 0x00000000a2680000, 0x00000000e0000000)
  object space 39424K, 49% used [0x00000000a0000000,0x00000000a1331f00,0x00000000a2680000)
 Metaspace       used 47273K, capacity 48418K, committed 48680K, reserved 1091584K
  class space    used 6362K, capacity 6666K, committed 6696K, reserved 1048576K
}

